# JRE version: Java(TM) SE Runtime Environment (8.0_144-b01) (build 1.8.0_144-b01)
# Java VM: Java HotSpot(TM) Client VM (25.144-b01 mixed mode windows-x86 )
Heap:
 def new generation   total 57344K, used 23950K [0x06c00000, 0x0aa30000, 0x116a0000)
  eden space 51008K,  46% used [0x06c00000, 0x08363898, 0x09dd0000)
  from space 6336K,   0% used [0x0a400000, 0x0a4002a0, 0x0aa30000)
  to   space 6336K,   0% used [0x09dd0000, 0x09dd0000, 0x0a400000)
 tenured generation   total 127280K, used 100051K [0x116a0000, 0x192ec000, 0x26c00000)
   the space 127280K,  78% used [0x116a0000, 0x17854fd8, 0x17855000, 0x192ec000)
 Metaspace       used 19498K, capacity 19954K, committed 20224K, reserved 20864K
GC Heap History (10 events):
Event: 137235.169 GC heap before
{Heap before GC invocations=12061 (full 2):
 def new generation   total 57344K, used 51008K [0x06c00000, 0x0aa30000, 0x116a0000)
  eden space 51008K, 100% used [0x06c00000, 0x09dd0000, 0x09dd0000)
  from space 6336K,   0% used [0x09dd0000, 0x09dd02c0, 0x0a400000)
  to   space 6336K,   0% used [0x0a400000, 0x0a400000, 0x0aa30000)
 tenured generation   total 127280K, used 100051K [0x116a0000, 0x192ec000, 0x26c00000)
   the space 127280K,  78% used [0x116a0000, 0x17854fd8, 0x17855000, 0x192ec000)
 Metaspace       used 19498K, capacity 19954K, committed 20224K, reserved 20864K
Event: 137235.170 GC heap after
Heap after GC invocations=12062 (full 2):
 def new generation   total 57344K, used 0K [0x06c00000, 0x0aa30000, 0x116a0000)
  eden space 51008K,   0% used [0x06c00000, 0x06c00000, 0x09dd0000)
  from space 6336K,   0% used [0x0a400000, 0x0a4002b0, 0x0aa30000)
  to   space 6336K,   0% used [0x09dd0000, 0x09dd0000, 0x0a400000)
 tenured generation   total 127280K, used 100051K [0x116a0000, 0x192ec000, 0x26c00000)
   the space 127280K,  78% used [0x116a0000, 0x17854fd8, 0x17855000, 0x192ec000)
 Metaspace       used 19498K, capacity 19954K, committed 20224K, reserved 20864K
}
Event: 137241.962 GC heap before
{Heap before GC invocations=12062 (full 2):
 def new generation   total 57344K, used 51008K [0x06c00000, 0x0aa30000, 0x116a0000)
  eden space 51008K, 100% used [0x06c00000, 0x09dd0000, 0x09dd0000)
  from space 6336K,   0% used [0x0a400000, 0x0a4002b0, 0x0aa30000)
  to   space 6336K,   0% used [0x09dd0000, 0x09dd0000, 0x0a400000)
 tenured generation   total 127280K, used 100051K [0x116a0000, 0x192ec000, 0x26c00000)
   the space 127280K,  78% used [0x116a0000, 0x17854fd8, 0x17855000, 0x192ec000)
 Metaspace       used 19498K, capacity 19954K, committed 20224K, reserved 20864K
Event: 137241.963 GC heap after
Heap after GC invocations=12063 (full 2):
 def new generation   total 57344K, used 0K [0x06c00000, 0x0aa30000, 0x116a0000)
  eden space 51008K,   0% used [0x06c00000, 0x06c00000, 0x09dd0000)
  from space 6336K,   0% used [0x09dd0000, 0x09dd02c0, 0x0a400000)
  to   space 6336K,   0% used [0x0a400000, 0x0a400000, 0x0aa30000)
 tenured generation   total 127280K, used 100051K [0x116a0000, 0x192ec000, 0x26c00000)
   the space 127280K,  78% used [0x116a0000, 0x17854fd8, 0x17855000, 0x192ec000)
 Metaspace       used 19498K, capacity 19954K, committed 20224K, reserved 20864K
}
Event: 137250.009 GC heap before
{Heap before GC invocations=12063 (full 2):
 def new generation   total 57344K, used 51008K [0x06c00000, 0x0aa30000, 0x116a0000)
  eden space 51008K, 100% used [0x06c00000, 0x09dd0000, 0x09dd0000)
  from space 6336K,   0% used [0x09dd0000, 0x09dd02c0, 0x0a400000)
  to   space 6336K,   0% used [0x0a400000, 0x0a400000, 0x0aa30000)
 tenured generation   total 127280K, used 100051K [0x116a0000, 0x192ec000, 0x26c00000)
   the space 127280K,  78% used [0x116a0000, 0x17854fd8, 0x17855000, 0x192ec000)
 Metaspace       used 19498K, capacity 19954K, committed 20224K, reserved 20864K
Event: 137250.010 GC heap after
Heap after GC invocations=12064 (full 2):
 def new generation   total 57344K, used 1K [0x06c00000, 0x0aa30000, 0x116a0000)
  eden space 51008K,   0% used [0x06c00000, 0x06c00000, 0x09dd0000)
  from space 6336K,   0% used [0x0a400000, 0x0a400490, 0x0aa30000)
  to   space 6336K,   0% used [0x09dd0000, 0x09dd0000, 0x0a400000)
 tenured generation   total 127280K, used 100051K [0x116a0000, 0x192ec000, 0x26c00000)
   the space 127280K,  78% used [0x116a0000, 0x17854fd8, 0x17855000, 0x192ec000)
 Metaspace       used 19498K, capacity 19954K, committed 20224K, reserved 20864K
}
Event: 137258.875 GC heap before
{Heap before GC invocations=12064 (full 2):
 def new generation   total 57344K, used 51009K [0x06c00000, 0x0aa30000, 0x116a0000)
  eden space 51008K, 100% used [0x06c00000, 0x09dd0000, 0x09dd0000)
  from space 6336K,   0% used [0x0a400000, 0x0a400490, 0x0aa30000)
  to   space 6336K,   0% used [0x09dd0000, 0x09dd0000, 0x0a400000)
 tenured generation   total 127280K, used 100051K [0x116a0000, 0x192ec000, 0x26c00000)
   the space 127280K,  78% used [0x116a0000, 0x17854fd8, 0x17855000, 0x192ec000)
 Metaspace       used 19498K, capacity 19954K, committed 20224K, reserved 20864K
Event: 137258.876 GC heap after
Heap after GC invocations=12065 (full 2):
 def new generation   total 57344K, used 0K [0x06c00000, 0x0aa30000, 0x116a0000)
  eden space 51008K,   0% used [0x06c00000, 0x06c00000, 0x09dd0000)
  from space 6336K,   0% used [0x09dd0000, 0x09dd02b0, 0x0a400000)
  to   space 6336K,   0% used [0x0a400000, 0x0a400000, 0x0aa30000)
 tenured generation   total 127280K, used 100051K [0x116a0000, 0x192ec000, 0x26c00000)
   the space 127280K,  78% used [0x116a0000, 0x17854fd8, 0x17855000, 0x192ec000)
 Metaspace       used 19498K, capacity 19954K, committed 20224K, reserved 20864K
}
Event: 137267.703 GC heap before
{Heap before GC invocations=12065 (full 2):
 def new generation   total 57344K, used 51008K [0x06c00000, 0x0aa30000, 0x116a0000)
  eden space 51008K, 100% used [0x06c00000, 0x09dd0000, 0x09dd0000)
  from space 6336K,   0% used [0x09dd0000, 0x09dd02b0, 0x0a400000)
  to   space 6336K,   0% used [0x0a400000, 0x0a400000, 0x0aa30000)
 tenured generation   total 127280K, used 100051K [0x116a0000, 0x192ec000, 0x26c00000)
   the space 127280K,  78% used [0x116a0000, 0x17854fd8, 0x17855000, 0x192ec000)
 Metaspace       used 19498K, capacity 19954K, committed 20224K, reserved 20864K
Event: 137267.705 GC heap after
Heap after GC invocations=12066 (full 2):
 def new generation   total 57344K, used 0K [0x06c00000, 0x0aa30000, 0x116a0000)
  eden space 51008K,   0% used [0x06c00000, 0x06c00000, 0x09dd0000)
  from space 6336K,   0% used [0x0a400000, 0x0a4002a0, 0x0aa30000)
  to   space 6336K,   0% used [0x09dd0000, 0x09dd0000, 0x0a400000)
 tenured generation   total 127280K, used 100051K [0x116a0000, 0x192ec000, 0x26c00000)
   the space 127280K,  78% used [0x116a0000, 0x17854fd8, 0x17855000, 0x192ec000)
 Metaspace       used 19498K, capacity 19954K, committed 20224K, reserved 20864K
}

